#
# A fatal error has been detected by the Java Runtime Environment:
#
#  SIGSEGV (0xb) at pc=0x00007fff6bcd5677, pid=16217, tid=0x000000000001d60b
#
# JRE version: Java(TM) SE Runtime Environment (8.0_202-b08) (build 1.8.0_202-b08)
# Java VM: Java HotSpot(TM) 64-Bit Server VM (25.202-b08 mixed mode bsd-amd64 compressed oops)
# Problematic frame:
# C  [libGL.dylib+0x1677]  glEnable+0xf
#
# Failed to write core dump. Core dumps have been disabled. To enable core dumping, try "ulimit -c unlimited" before starting Java again
#
# If you would like to submit a bug report, please visit:
#   http://bugreport.java.com/bugreport/crash.jsp
# The crash happened outside the Java Virtual Machine in native code.
# See problematic frame for where to report the bug.
#

---------------  T H R E A D  ---------------

Current thread (0x00007fb580c8d800):  JavaThread "pool-3-thread-1" [_thread_in_native, id=120331, stack(0x000070000b581000,0x000070000b681000)]

siginfo: si_signo: 11 (SIGSEGV), si_code: 1 (SEGV_MAPERR), si_addr: 0x0000000000000248

Registers:
RAX=0x0000000000000000, RBX=0x000000017257a9f0, RCX=0x00007fff6bcd5668, RDX=0x0000000000000be2
RSP=0x000070000b680240, RBP=0x000070000b680240, RSI=0x0000000000000be2, RDI=0x0000000000000be2
R8 =0x0000000000000000, R9 =0x0000000000000001, R10=0x000000011681863b, R11=0x000000010f411873
R12=0x0000000000000000, R13=0x000000017257a9f0, R14=0x000070000b680330, R15=0x00007fb580c8d800
RIP=0x00007fff6bcd5677, EFLAGS=0x0000000000010206, ERR=0x0000000000000004
  TRAPNO=0x000000000000000e

Top of Stack: (sp=0x000070000b680240)
0x000070000b680240:   000070000b680280 0000000133c16328
0x000070000b680250:   00000001722310f8 00007fff6bcd5668
0x000070000b680260:   00007fff6bcd5668 00000be271f7cdb0
0x000070000b680270:   000070000b680330 00007fb580c8d9f8
0x000070000b680280:   000070000b6802f8 0000000116818667
0x000070000b680290:   000070000b680320 000000010f2f83d1
0x000070000b6802a0:   000070000b6802d0 000000010f42dc1b
0x000070000b6802b0:   0000000100000001 000070000b6802b8
0x000070000b6802c0:   0000000000000000 000070000b680330
0x000070000b6802d0:   0000000133a7a028 0000000000000000
0x000070000b6802e0:   000000017257a9f0 0000000000000000
0x000070000b6802f0:   000070000b680318 000070000b680378
0x000070000b680300:   00000001168082bd 0000000000000000
0x000070000b680310:   0000000116811d18 00007fff6bcd5668
0x000070000b680320:   000000010f744ce0 0000000000000be2
0x000070000b680330:   0000000772a60bd8 000070000b680338
0x000070000b680340:   000000017257a93f 000070000b6803a0
0x000070000b680350:   0000000133a7a028 0000000000000000
0x000070000b680360:   000000017257a950 000070000b680318
0x000070000b680370:   000070000b680398 000070000b6803e8
0x000070000b680380:   0000000116808302 00007fff6bcd5668
0x000070000b680390:   0000000000000000 0000000000000be2
0x000070000b6803a0:   0000000772a60bd8 000070000b6803a8
0x000070000b6803b0:   0000000171b890c2 000070000b680400
0x000070000b6803c0:   000000017223d508 0000000000000000
0x000070000b6803d0:   0000000171b890f0 000070000b680398
0x000070000b6803e0:   000070000b6803f8 000070000b680448
0x000070000b6803f0:   00000001168082bd 0000000000000be2
0x000070000b680400:   0000000772a20e20 000070000b680408
0x000070000b680410:   0000000172218fce 000070000b680458
0x000070000b680420:   0000000172275028 0000000000000000
0x000070000b680430:   00000001722192f8 000070000b6803f8 

Instructions: (pc=0x00007fff6bcd5677)
0x00007fff6bcd5657:   f0 00 00 00 48 8b 88 40 02 00 00 48 8b 38 5d ff
0x00007fff6bcd5667:   e1 55 48 89 e5 89 fe 65 48 8b 04 25 f0 00 00 00
0x00007fff6bcd5677:   48 8b 88 48 02 00 00 48 8b 38 5d ff e1 55 48 89
0x00007fff6bcd5687:   e5 89 fe 65 48 8b 04 25 f0 00 00 00 48 8b 88 50 

Register to memory mapping:

RAX=0x0000000000000000 is an unknown value
RBX={method} {0x000000017257a9f0} 'dispatch_glEnable1' '(IJ)V' in 'jogamp/opengl/gl4/GL4bcImpl'
RCX=0x00007fff6bcd5668: glEnable+0 in /System/Library/Frameworks/OpenGL.framework/Versions/A/Libraries/libGL.dylib at 0x00007fff6bcd4000
RDX=0x0000000000000be2 is an unknown value
RSP=0x000070000b680240 is pointing into the stack for thread: 0x00007fb580c8d800
RBP=0x000070000b680240 is pointing into the stack for thread: 0x00007fb580c8d800
RSI=0x0000000000000be2 is an unknown value
RDI=0x0000000000000be2 is an unknown value
R8 =0x0000000000000000 is an unknown value
R9 =0x0000000000000001 is an unknown value
R10=0x000000011681863b is at code_begin+859 in an Interpreter codelet
method entry point (kind = native)  [0x00000001168182e0, 0x0000000116818c40]  2400 bytes
R11=0x000000010f411873: throw_unsatisfied_link_error+0 in /Library/Java/JavaVirtualMachines/jdk1.8.0_202.jdk/Contents/Home/jre/lib/server/libjvm.dylib at 0x000000010ef28000
R12=0x0000000000000000 is an unknown value
R13={method} {0x000000017257a9f0} 'dispatch_glEnable1' '(IJ)V' in 'jogamp/opengl/gl4/GL4bcImpl'
R14=0x000070000b680330 is pointing into the stack for thread: 0x00007fb580c8d800
R15=0x00007fb580c8d800 is a thread


Stack: [0x000070000b581000,0x000070000b681000],  sp=0x000070000b680240,  free space=1020k
Native frames: (J=compiled Java code, j=interpreted, Vv=VM code, C=native code)
C  [libGL.dylib+0x1677]  glEnable+0xf
C  [libjogl_desktop.jnilib+0x1c328]  Java_jogamp_opengl_gl4_GL4bcImpl_dispatch_1glEnable1__IJ+0x28
j  jogamp.opengl.gl4.GL4bcImpl.dispatch_glEnable1(IJ)V+0
j  jogamp.opengl.gl4.GL4bcImpl.glEnable(I)V+39
j  processing.opengl.PJOGL.enable(I)V+10
j  processing.opengl.PGraphicsOpenGL.blendModeImpl()V+22
j  processing.core.PGraphics.blendMode(I)V+6
j  processing.core.PGraphics.style(Lprocessing/core/PStyle;)V+37
j  processing.core.PGraphics.popStyle()V+38
j  processing.opengl.PGraphicsOpenGL.popStyle()V+6
j  remixlab.proscene.InteractiveFrame.visit(Lprocessing/core/PGraphics;)V+341
j  remixlab.proscene.InteractiveFrame.visit()V+8
j  remixlab.dandelion.core.GenericFrame.visitCallback()V+8
j  remixlab.proscene.Scene.visitFrame(Lremixlab/dandelion/core/GenericFrame;)V+23
j  remixlab.dandelion.core.AbstractScene.traverseTree()V+31
j  remixlab.proscene.Scene.drawFrames()V+9
j  meshIneBits.gui.view3d.ProcessingModelView.lambda$draw$0()V+11
j  meshIneBits.gui.view3d.ProcessingModelView$$Lambda$142.run()V+4
j  java.util.concurrent.ThreadPoolExecutor.runWorker(Ljava/util/concurrent/ThreadPoolExecutor$Worker;)V+95
j  java.util.concurrent.ThreadPoolExecutor$Worker.run()V+5
j  java.lang.Thread.run()V+11
v  ~StubRoutines::call_stub
V  [libjvm.dylib+0x2f0d1e]
V  [libjvm.dylib+0x2f14c2]
V  [libjvm.dylib+0x2f166e]
V  [libjvm.dylib+0x34bf5d]
V  [libjvm.dylib+0x570b93]
V  [libjvm.dylib+0x57228e]
V  [libjvm.dylib+0x48f30a]
C  [libsystem_pthread.dylib+0x68fc]  _pthread_start+0xe0
C  [libsystem_pthread.dylib+0x2443]  thread_start+0xf
C  0x0000000000000000

Java frames: (J=compiled Java code, j=interpreted, Vv=VM code)
j  jogamp.opengl.gl4.GL4bcImpl.dispatch_glEnable1(IJ)V+0
j  jogamp.opengl.gl4.GL4bcImpl.glEnable(I)V+39
j  processing.opengl.PJOGL.enable(I)V+10
j  processing.opengl.PGraphicsOpenGL.blendModeImpl()V+22
j  processing.core.PGraphics.blendMode(I)V+6
j  processing.core.PGraphics.style(Lprocessing/core/PStyle;)V+37
j  processing.core.PGraphics.popStyle()V+38
j  processing.opengl.PGraphicsOpenGL.popStyle()V+6
j  remixlab.proscene.InteractiveFrame.visit(Lprocessing/core/PGraphics;)V+341
j  remixlab.proscene.InteractiveFrame.visit()V+8
j  remixlab.dandelion.core.GenericFrame.visitCallback()V+8
j  remixlab.proscene.Scene.visitFrame(Lremixlab/dandelion/core/GenericFrame;)V+23
j  remixlab.dandelion.core.AbstractScene.traverseTree()V+31
j  remixlab.proscene.Scene.drawFrames()V+9
j  meshIneBits.gui.view3d.ProcessingModelView.lambda$draw$0()V+11
j  meshIneBits.gui.view3d.ProcessingModelView$$Lambda$142.run()V+4
j  java.util.concurrent.ThreadPoolExecutor.runWorker(Ljava/util/concurrent/ThreadPoolExecutor$Worker;)V+95
j  java.util.concurrent.ThreadPoolExecutor$Worker.run()V+5
j  java.lang.Thread.run()V+11
v  ~StubRoutines::call_stub

---------------  P R O C E S S  ---------------

Java Threads: ( => current thread )
=>0x00007fb580c8d800 JavaThread "pool-3-thread-1" [_thread_in_native, id=120331, stack(0x000070000b581000,0x000070000b681000)]
  0x00007fb5838fc800 JavaThread "Animation Thread" [_thread_blocked, id=121859, stack(0x000070000b47e000,0x000070000b57e000)]
  0x00007fb583bf3800 JavaThread "Animation Thread" [_thread_blocked, id=95043, stack(0x000070000b275000,0x000070000b375000)]
  0x00007fb586086000 JavaThread "pool-5-thread-2" [_thread_blocked, id=93971, stack(0x000070000b0ef000,0x000070000b1ef000)]
  0x00007fb57f331800 JavaThread "pool-5-thread-1" [_thread_blocked, id=88863, stack(0x000070000afec000,0x000070000b0ec000)]
  0x00007fb57ed77000 JavaThread "Thread-5" daemon [_thread_in_native, id=18183, stack(0x0000700009a21000,0x0000700009aa1000)]
  0x00007fb57f306800 JavaThread "AWT-EventQueue-0-FPSAWTAnimator#00-Timer0" [_thread_in_native, id=130075, stack(0x000070000aee9000,0x000070000afe9000)]
  0x00007fb585089000 JavaThread "Thread-3" [_thread_blocked, id=130331, stack(0x000070000ade6000,0x000070000aee6000)]
  0x00007fb583bdb000 JavaThread "AWT-EventQueue-0-Display-.macosx_nil-1-EDT-1" daemon [_thread_blocked, id=66103, stack(0x000070000ace3000,0x000070000ade3000)]
  0x00007fb583a94000 JavaThread "pool-2-thread-1" [_thread_blocked, id=129035, stack(0x000070000abe0000,0x000070000ace0000)]
  0x00007fb580ceb000 JavaThread "TimerQueue" daemon [_thread_blocked, id=68787, stack(0x000070000aadd000,0x000070000abdd000)]
  0x00007fb5812a5000 JavaThread "DestroyJavaVM" [_thread_blocked, id=3587, stack(0x0000700008b74000,0x0000700008c74000)]
  0x00007fb585075000 JavaThread "Image Fetcher 1" daemon [_thread_blocked, id=72707, stack(0x000070000a9da000,0x000070000aada000)]
  0x00007fb580a53800 JavaThread "AWT-EventQueue-0" [_thread_blocked, id=73619, stack(0x000070000a8d7000,0x000070000a9d7000)]
  0x00007fb581274800 JavaThread "Image Fetcher 0" daemon [_thread_blocked, id=54279, stack(0x000070000a7d4000,0x000070000a8d4000)]
  0x00007fb58047a000 JavaThread "Java2D Disposer" daemon [_thread_blocked, id=53763, stack(0x000070000a6d1000,0x000070000a7d1000)]
  0x00007fb57f1fc000 JavaThread "Java2D Queue Flusher" daemon [_thread_blocked, id=79623, stack(0x000070000a5ce000,0x000070000a6ce000)]
  0x00007fb57f1d7000 JavaThread "AWT-Shutdown" [_thread_blocked, id=26651, stack(0x000070000a1b9000,0x000070000a2b9000)]
  0x00007fb580a10000 JavaThread "AWT-AppKit" daemon [_thread_in_native, id=259, stack(0x00007ffee0511000,0x00007ffee0d11000)]
  0x00007fb581044000 JavaThread "Service Thread" daemon [_thread_blocked, id=21763, stack(0x0000700009fb3000,0x000070000a0b3000)]
  0x00007fb57f014000 JavaThread "C1 CompilerThread3" daemon [_thread_blocked, id=15619, stack(0x0000700009eb0000,0x0000700009fb0000)]
  0x00007fb581043800 JavaThread "C2 CompilerThread2" daemon [_thread_in_native, id=16131, stack(0x0000700009dad000,0x0000700009ead000)]
  0x00007fb58380b800 JavaThread "C2 CompilerThread1" daemon [_thread_in_native, id=16387, stack(0x0000700009caa000,0x0000700009daa000)]
  0x00007fb57f013000 JavaThread "C2 CompilerThread0" daemon [_thread_in_native, id=16899, stack(0x0000700009ba7000,0x0000700009ca7000)]
  0x00007fb58080a000 JavaThread "Signal Dispatcher" daemon [_thread_blocked, id=17155, stack(0x0000700009aa4000,0x0000700009ba4000)]
  0x00007fb57e810800 JavaThread "Finalizer" daemon [_thread_blocked, id=12803, stack(0x000070000989b000,0x000070000999b000)]
  0x00007fb57f00d800 JavaThread "Reference Handler" daemon [_thread_blocked, id=12547, stack(0x0000700009798000,0x0000700009898000)]

Other Threads:
  0x00007fb580051000 VMThread [stack: 0x0000700009695000,0x0000700009795000] [id=19459]
  0x00007fb583834800 WatcherThread [stack: 0x000070000a0b6000,0x000070000a1b6000] [id=43011]

VM state:not at safepoint (normal execution)

VM Mutex/Monitor currently owned by a thread: None

heap address: 0x00000006c0000000, size: 4096 MB, Compressed Oops mode: Zero based, Oop shift amount: 3
Narrow klass base: 0x0000000000000000, Narrow klass shift: 3
Compressed class space size: 1073741824 Address: 0x00000007c0000000

Heap:
 PSYoungGen      total 205824K, used 73421K [0x000000076ab00000, 0x0000000784700000, 0x00000007c0000000)
  eden space 130048K, 5% used [0x000000076ab00000,0x000000076b1700b0,0x0000000772a00000)
  from space 75776K, 88% used [0x0000000772a00000,0x0000000776b43470,0x0000000777400000)
  to   space 88576K, 0% used [0x000000077f080000,0x000000077f080000,0x0000000784700000)
 ParOldGen       total 137728K, used 63583K [0x00000006c0000000, 0x00000006c8680000, 0x000000076ab00000)
  object space 137728K, 46% used [0x00000006c0000000,0x00000006c3e17f10,0x00000006c8680000)
 Metaspace       used 32730K, capacity 33494K, committed 33792K, reserved 1079296K
  class space    used 3891K, capacity 4082K, committed 4096K, reserved 1048576K

Card table byte_map: [0x0000000125800000,0x0000000126001000] byte_map_base: 0x0000000122200000

Marking Bits: (ParMarkBitMap*) 0x000000010f823e40
 Begin Bits: [0x0000000126557000, 0x000000012a557000)
 End Bits:   [0x000000012a557000, 0x000000012e557000)

Polling page: 0x000000010ff25000

CodeCache: size=245760Kb used=10284Kb max_used=10284Kb free=235475Kb
 bounds [0x0000000116800000, 0x0000000117220000, 0x0000000125800000]
 total_blobs=4315 nmethods=3256 adapters=971
 compilation: enabled

Compilation events (10 events):
Event: 10.444 Thread 0x00007fb57f014000 nmethod 3700 0x00000001171fef90 code [0x00000001171ff0e0, 0x00000001171ff290]
Event: 10.444 Thread 0x00007fb57f014000 3703       2       java.awt.Font::getFont2D (105 bytes)
Event: 10.445 Thread 0x00007fb57f014000 nmethod 3703 0x00000001171ff350 code [0x00000001171ff500, 0x00000001171ffb08]
Event: 10.445 Thread 0x00007fb57f014000 3704       1       controlP5.Label::getLabeltype (5 bytes)
Event: 10.445 Thread 0x00007fb57f014000 nmethod 3704 0x00000001171ffdd0 code [0x00000001171fff20, 0x0000000117200030]
Event: 10.445 Thread 0x00007fb57f014000 3701       1       sun.font.StandardGlyphVector::access$700 (5 bytes)
Event: 10.445 Thread 0x00007fb57f014000 nmethod 3701 0x0000000117200090 code [0x00000001172001e0, 0x00000001172002d0]
Event: 10.445 Thread 0x00007fb57f014000 3702       1       sun.font.StandardGlyphVector::access$1000 (5 bytes)
Event: 10.445 Thread 0x00007fb57f014000 nmethod 3702 0x0000000117200350 code [0x00000001172004a0, 0x0000000117200590]
Event: 10.456 Thread 0x00007fb57f014000 3705       2       processing.opengl.PGraphicsOpenGL$InGeometry::addVertex (533 bytes)

GC Heap History (10 events):
Event: 6.377 GC heap before
{Heap before GC invocations=4 (full 1):
 PSYoungGen      total 76288K, used 65536K [0x000000076ab00000, 0x0000000774000000, 0x00000007c0000000)
  eden space 65536K, 100% used [0x000000076ab00000,0x000000076eb00000,0x000000076eb00000)
  from space 10752K, 0% used [0x000000076f580000,0x000000076f580000,0x0000000770000000)
  to   space 10752K, 0% used [0x000000076eb00000,0x000000076eb00000,0x000000076f580000)
 ParOldGen       total 137728K, used 16898K [0x00000006c0000000, 0x00000006c8680000, 0x000000076ab00000)
  object space 137728K, 12% used [0x00000006c0000000,0x00000006c1080938,0x00000006c8680000)
 Metaspace       used 22546K, capacity 23246K, committed 23552K, reserved 1069056K
  class space    used 3077K, capacity 3263K, committed 3328K, reserved 1048576K
Event: 6.380 GC heap after
Heap after GC invocations=4 (full 1):
 PSYoungGen      total 76288K, used 5519K [0x000000076ab00000, 0x0000000772180000, 0x00000007c0000000)
  eden space 65536K, 0% used [0x000000076ab00000,0x000000076ab00000,0x000000076eb00000)
  from space 10752K, 51% used [0x000000076eb00000,0x000000076f063d50,0x000000076f580000)
  to   space 10752K, 0% used [0x0000000771700000,0x0000000771700000,0x0000000772180000)
 ParOldGen       total 137728K, used 16906K [0x00000006c0000000, 0x00000006c8680000, 0x000000076ab00000)
  object space 137728K, 12% used [0x00000006c0000000,0x00000006c1082938,0x00000006c8680000)
 Metaspace       used 22546K, capacity 23246K, committed 23552K, reserved 1069056K
  class space    used 3077K, capacity 3263K, committed 3328K, reserved 1048576K
}
Event: 8.343 GC heap before
{Heap before GC invocations=5 (full 1):
 PSYoungGen      total 76288K, used 71055K [0x000000076ab00000, 0x0000000772180000, 0x00000007c0000000)
  eden space 65536K, 100% used [0x000000076ab00000,0x000000076eb00000,0x000000076eb00000)
  from space 10752K, 51% used [0x000000076eb00000,0x000000076f063d50,0x000000076f580000)
  to   space 10752K, 0% used [0x0000000771700000,0x0000000771700000,0x0000000772180000)
 ParOldGen       total 137728K, used 16906K [0x00000006c0000000, 0x00000006c8680000, 0x000000076ab00000)
  object space 137728K, 12% used [0x00000006c0000000,0x00000006c1082938,0x00000006c8680000)
 Metaspace       used 25421K, capacity 26062K, committed 26368K, reserved 1073152K
  class space    used 3342K, capacity 3519K, committed 3584K, reserved 1048576K
Event: 8.347 GC heap after
Heap after GC invocations=5 (full 1):
 PSYoungGen      total 104960K, used 8689K [0x000000076ab00000, 0x0000000771f80000, 0x00000007c0000000)
  eden space 96256K, 0% used [0x000000076ab00000,0x000000076ab00000,0x0000000770900000)
  from space 8704K, 99% used [0x0000000771700000,0x0000000771f7c610,0x0000000771f80000)
  to   space 10752K, 0% used [0x0000000770a80000,0x0000000770a80000,0x0000000771500000)
 ParOldGen       total 137728K, used 16914K [0x00000006c0000000, 0x00000006c8680000, 0x000000076ab00000)
  object space 137728K, 12% used [0x00000006c0000000,0x00000006c1084938,0x00000006c8680000)
 Metaspace       used 25421K, capacity 26062K, committed 26368K, reserved 1073152K
  class space    used 3342K, capacity 3519K, committed 3584K, reserved 1048576K
}
Event: 9.922 GC heap before
{Heap before GC invocations=6 (full 1):
 PSYoungGen      total 104960K, used 104945K [0x000000076ab00000, 0x0000000771f80000, 0x00000007c0000000)
  eden space 96256K, 100% used [0x000000076ab00000,0x0000000770900000,0x0000000770900000)
  from space 8704K, 99% used [0x0000000771700000,0x0000000771f7c610,0x0000000771f80000)
  to   space 10752K, 0% used [0x0000000770a80000,0x0000000770a80000,0x0000000771500000)
 ParOldGen       total 137728K, used 16914K [0x00000006c0000000, 0x00000006c8680000, 0x000000076ab00000)
  object space 137728K, 12% used [0x00000006c0000000,0x00000006c1084938,0x00000006c8680000)
 Metaspace       used 31214K, capacity 31866K, committed 32128K, reserved 1077248K
  class space    used 3729K, capacity 3870K, committed 3968K, reserved 1048576K
Event: 9.943 GC heap after
Heap after GC invocations=6 (full 1):
 PSYoungGen      total 108544K, used 10720K [0x000000076ab00000, 0x000000077ae80000, 0x00000007c0000000)
  eden space 97792K, 0% used [0x000000076ab00000,0x000000076ab00000,0x0000000770a80000)
  from space 10752K, 99% used [0x0000000770a80000,0x00000007714f8258,0x0000000771500000)
  to   space 59904K, 0% used [0x0000000777400000,0x0000000777400000,0x000000077ae80000)
 ParOldGen       total 137728K, used 62309K [0x00000006c0000000, 0x00000006c8680000, 0x000000076ab00000)
  object space 137728K, 45% used [0x00000006c0000000,0x00000006c3cd95c0,0x00000006c8680000)
 Metaspace       used 31214K, capacity 31866K, committed 32128K, reserved 1077248K
  class space    used 3729K, capacity 3870K, committed 3968K, reserved 1048576K
}
Event: 10.044 GC heap before
{Heap before GC invocations=7 (full 1):
 PSYoungGen      total 108544K, used 108512K [0x000000076ab00000, 0x000000077ae80000, 0x00000007c0000000)
  eden space 97792K, 100% used [0x000000076ab00000,0x0000000770a80000,0x0000000770a80000)
  from space 10752K, 99% used [0x0000000770a80000,0x00000007714f8258,0x0000000771500000)
  to   space 59904K, 0% used [0x0000000777400000,0x0000000777400000,0x000000077ae80000)
 ParOldGen       total 137728K, used 62309K [0x00000006c0000000, 0x00000006c8680000, 0x000000076ab00000)
  object space 137728K, 45% used [0x00000006c0000000,0x00000006c3cd95c0,0x00000006c8680000)
 Metaspace       used 31970K, capacity 32652K, committed 33024K, reserved 1079296K
  class space    used 3821K, capacity 3977K, committed 4096K, reserved 1048576K
Event: 10.065 GC heap after
Heap after GC invocations=7 (full 1):
 PSYoungGen      total 189952K, used 59886K [0x000000076ab00000, 0x000000077f080000, 0x00000007c0000000)
  eden space 130048K, 0% used [0x000000076ab00000,0x000000076ab00000,0x0000000772a00000)
  from space 59904K, 99% used [0x0000000777400000,0x000000077ae7b8a0,0x000000077ae80000)
  to   space 75776K, 0% used [0x0000000772a00000,0x0000000772a00000,0x0000000777400000)
 ParOldGen       total 137728K, used 63575K [0x00000006c0000000, 0x00000006c8680000, 0x000000076ab00000)
  object space 137728K, 46% used [0x00000006c0000000,0x00000006c3e15f10,0x00000006c8680000)
 Metaspace       used 31970K, capacity 32652K, committed 33024K, reserved 1079296K
  class space    used 3821K, capacity 3977K, committed 4096K, reserved 1048576K
}
Event: 10.346 GC heap before
{Heap before GC invocations=8 (full 1):
 PSYoungGen      total 189952K, used 189934K [0x000000076ab00000, 0x000000077f080000, 0x00000007c0000000)
  eden space 130048K, 100% used [0x000000076ab00000,0x0000000772a00000,0x0000000772a00000)
  from space 59904K, 99% used [0x0000000777400000,0x000000077ae7b8a0,0x000000077ae80000)
  to   space 75776K, 0% used [0x0000000772a00000,0x0000000772a00000,0x0000000777400000)
 ParOldGen       total 137728K, used 63575K [0x00000006c0000000, 0x00000006c8680000, 0x000000076ab00000)
  object space 137728K, 46% used [0x00000006c0000000,0x00000006c3e15f10,0x00000006c8680000)
 Metaspace       used 32538K, capacity 33326K, committed 33536K, reserved 1079296K
  class space    used 3874K, capacity 4074K, committed 4096K, reserved 1048576K
Event: 10.373 GC heap after
Heap after GC invocations=8 (full 1):
 PSYoungGen      total 205824K, used 66829K [0x000000076ab00000, 0x0000000784700000, 0x00000007c0000000)
  eden space 130048K, 0% used [0x000000076ab00000,0x000000076ab00000,0x0000000772a00000)
  from space 75776K, 88% used [0x0000000772a00000,0x0000000776b43470,0x0000000777400000)
  to   space 88576K, 0% used [0x000000077f080000,0x000000077f080000,0x0000000784700000)
 ParOldGen       total 137728K, used 63583K [0x00000006c0000000, 0x00000006c8680000, 0x000000076ab00000)
  object space 137728K, 46% used [0x00000006c0000000,0x00000006c3e17f10,0x00000006c8680000)
 Metaspace       used 32538K, capacity 33326K, committed 33536K, reserved 1079296K
  class space    used 3874K, capacity 4074K, committed 4096K, reserved 1048576K
}

Deoptimization events (10 events):
Event: 8.366 Thread 0x00007fb580a53800 Uncommon trap: reason=class_check action=maybe_recompile pc=0x00000001170eaca0 method=java.util.zip.InflaterInputStream.fill()V @ 19
Event: 9.754 Thread 0x00007fb57f306800 Uncommon trap: reason=class_check action=maybe_recompile pc=0x000000011715f3a0 method=java.util.regex.Pattern$CharProperty.study(Ljava/util/regex/Pattern$TreeInfo;)Z @ 25
Event: 9.754 Thread 0x00007fb57f306800 Uncommon trap: reason=unstable_if action=reinterpret pc=0x0000000117144760 method=java.util.regex.Pattern.expr(Ljava/util/regex/Pattern$Node;)Ljava/util/regex/Pattern$Node; @ 129
Event: 9.985 Thread 0x00007fb57f306800 Uncommon trap: reason=unstable_if action=reinterpret pc=0x00000001170f80b4 method=processing.core.PGraphics.createShape(I)Lprocessing/core/PShape; @ 1
Event: 9.985 Thread 0x00007fb57f306800 Uncommon trap: reason=unstable_if action=reinterpret pc=0x00000001170f6cec method=processing.opengl.PShapeOpenGL.<init>(Lprocessing/opengl/PGraphicsOpenGL;I)V @ 171
Event: 9.991 Thread 0x00007fb57f306800 Uncommon trap: reason=unstable_if action=reinterpret pc=0x000000011713fd00 method=processing.opengl.PGL.nativeToJavaARGB([III)V @ 160
Event: 10.406 Thread 0x00007fb583bf3800 Uncommon trap: reason=unstable_if action=reinterpret pc=0x00000001171620d4 method=java.util.regex.Pattern.split(Ljava/lang/CharSequence;I)[Ljava/lang/String; @ 255
Event: 10.407 Thread 0x00007fb57f306800 Uncommon trap: reason=unstable_if action=reinterpret pc=0x0000000117166184 method=sun.misc.FloatingDecimal.readJavaFormatString(Ljava/lang/String;)Lsun/misc/FloatingDecimal$ASCIIToBinaryConverter; @ 305
Event: 10.455 Thread 0x00007fb57f306800 Uncommon trap: reason=unstable_if action=reinterpret pc=0x00000001170f27dc method=processing.opengl.PGraphicsOpenGL$InGeometry.addVertex(FFFIFFFFFIFIIIFIZ)I @ 379
Event: 10.456 Thread 0x00007fb57f306800 Uncommon trap: reason=unstable_if action=reinterpret pc=0x000000011711c7d0 method=processing.opengl.PGraphicsOpenGL$InGeometry.vertexCheck()V @ 11

Classes redefined (0 events):
No events

Internal exceptions (10 events):
Event: 7.987 Thread 0x00007fb580a53800 Implicit null exception at 0x00000001170b33b9 to 0x00000001170b41fd
Event: 7.990 Thread 0x00007fb580a53800 Exception <a 'java/io/FileNotFoundException'> (0x000000076e6eb1c8) thrown at [/Users/java_re/workspace/8-2-build-macosx-x86_64/jdk8u202/12323/hotspot/src/share/vm/prims/jni.cpp, line 710]
Event: 7.992 Thread 0x00007fb580a53800 Exception <a 'java/lang/UnsatisfiedLinkError': com.jogamp.common.util.JarUtil.fixNativeLibAttribs(Ljava/lang/String;)Z> (0x000000076e749e70) thrown at [/Users/java_re/workspace/8-2-build-macosx-x86_64/jdk8u202/12323/hotspot/src/share/vm/prims/nativeLookup
Event: 8.162 Thread 0x00007fb580a53800 Exception <a 'java/io/FileNotFoundException'> (0x000000076e7af690) thrown at [/Users/java_re/workspace/8-2-build-macosx-x86_64/jdk8u202/12323/hotspot/src/share/vm/prims/jni.cpp, line 710]
Event: 9.750 Thread 0x00007fb57f306800 Exception <a 'java/io/FileNotFoundException'> (0x000000076c02ca28) thrown at [/Users/java_re/workspace/8-2-build-macosx-x86_64/jdk8u202/12323/hotspot/src/share/vm/prims/jni.cpp, line 710]
Event: 9.753 Thread 0x00007fb57f306800 Exception <a 'java/io/FileNotFoundException'> (0x000000076c073da0) thrown at [/Users/java_re/workspace/8-2-build-macosx-x86_64/jdk8u202/12323/hotspot/src/share/vm/prims/jni.cpp, line 710]
Event: 9.756 Thread 0x00007fb57f306800 Exception <a 'java/io/FileNotFoundException'> (0x000000076c09a1a8) thrown at [/Users/java_re/workspace/8-2-build-macosx-x86_64/jdk8u202/12323/hotspot/src/share/vm/prims/jni.cpp, line 710]
Event: 9.757 Thread 0x00007fb57f306800 Exception <a 'java/io/FileNotFoundException'> (0x000000076c0be078) thrown at [/Users/java_re/workspace/8-2-build-macosx-x86_64/jdk8u202/12323/hotspot/src/share/vm/prims/jni.cpp, line 710]
Event: 9.759 Thread 0x00007fb57f306800 Exception <a 'java/io/FileNotFoundException'> (0x000000076c0e2ef8) thrown at [/Users/java_re/workspace/8-2-build-macosx-x86_64/jdk8u202/12323/hotspot/src/share/vm/prims/jni.cpp, line 710]
Event: 9.760 Thread 0x00007fb57f306800 Exception <a 'java/io/FileNotFoundException'> (0x000000076c106dc8) thrown at [/Users/java_re/workspace/8-2-build-macosx-x86_64/jdk8u202/12323/hotspot/src/share/vm/prims/jni.cpp, line 710]

Events (10 events):
Event: 10.455 Thread 0x00007fb57f306800 DEOPT PACKING pc=0x00000001170f27dc sp=0x000070000afe7f20
Event: 10.455 Thread 0x00007fb57f306800 DEOPT UNPACKING pc=0x000000011684573a sp=0x000070000afe7ef0 mode 2
Event: 10.456 Thread 0x00007fb57f306800 Uncommon trap: trap_request=0xffffff65 fr.pc=0x000000011711c7d0
Event: 10.456 Thread 0x00007fb57f306800 DEOPT PACKING pc=0x000000011711c7d0 sp=0x000070000afe7fe0
Event: 10.456 Thread 0x00007fb57f306800 DEOPT UNPACKING pc=0x000000011684573a sp=0x000070000afe7f98 mode 2
Event: 10.456 loading class meshIneBits/gui/view3d/ProcessingModelView
Event: 10.456 loading class meshIneBits/gui/view3d/ProcessingModelView done
Event: 10.456 Thread 0x00007fb580c8d800 Thread added: 0x00007fb580c8d800
Event: 10.456 loading class processing/opengl/VertexBuffer
Event: 10.456 loading class processing/opengl/VertexBuffer done


Dynamic libraries:
0x00007fff34f19000 	/System/Library/Frameworks/Cocoa.framework/Versions/A/Cocoa
0x00007fff22263000 	/System/Library/Frameworks/Security.framework/Versions/A/Security
0x00007fff33121000 	/System/Library/Frameworks/ApplicationServices.framework/Versions/A/ApplicationServices
0x00007fff2a4e5000 	/usr/lib/libz.1.dylib
0x00007fff2a5ad000 	/usr/lib/libSystem.B.dylib
0x00007fff2026c000 	/usr/lib/libobjc.A.dylib
0x00007fff2044c000 	/System/Library/Frameworks/CoreFoundation.framework/Versions/A/CoreFoundation
0x00007fff211fb000 	/System/Library/Frameworks/Foundation.framework/Versions/C/Foundation
0x00007fff22c94000 	/System/Library/Frameworks/AppKit.framework/Versions/C/AppKit
0x00007fff25b58000 	/System/Library/Frameworks/CoreData.framework/Versions/A/CoreData
0x00007fff239e0000 	/System/Library/PrivateFrameworks/UIFoundation.framework/Versions/A/UIFoundation
0x00007fff2fbdb000 	/System/Library/PrivateFrameworks/RemoteViewServices.framework/Versions/A/RemoteViewServices
0x00007fff289f1000 	/System/Library/PrivateFrameworks/XCTTargetBootstrap.framework/Versions/A/XCTTargetBootstrap
0x00007fff2b6d7000 	/usr/lib/libspindump.dylib
0x00007fff23c2f000 	/System/Library/Frameworks/UniformTypeIdentifiers.framework/Versions/A/UniformTypeIdentifiers
0x00007fff271f5000 	/usr/lib/libapp_launch_measurement.dylib
0x00007fff271f8000 	/System/Library/PrivateFrameworks/CoreAutoLayout.framework/Versions/A/CoreAutoLayout
0x00007fff28358000 	/System/Library/Frameworks/Metal.framework/Versions/A/Metal
0x00007fff2904e000 	/usr/lib/liblangid.dylib
0x00007fff289f5000 	/System/Library/PrivateFrameworks/CoreSVG.framework/Versions/A/CoreSVG
0x00007fff24c6f000 	/System/Library/PrivateFrameworks/SkyLight.framework/Versions/A/SkyLight
0x00007fff24fd5000 	/System/Library/Frameworks/CoreGraphics.framework/Versions/A/CoreGraphics
0x00007fff30102000 	/System/Library/Frameworks/Accelerate.framework/Versions/A/Accelerate
0x00007fff2b115000 	/System/Library/PrivateFrameworks/IconServices.framework/Versions/A/IconServices
0x00007fff2833c000 	/System/Library/Frameworks/IOSurface.framework/Versions/A/IOSurface
0x00007fff264e0000 	/usr/lib/libDiagnosticMessagesClient.dylib
0x00007fff289dd000 	/System/Library/PrivateFrameworks/DFRFoundation.framework/Versions/A/DFRFoundation
0x00007fff225bb000 	/usr/lib/libicucore.A.dylib
0x00007fff2cc1a000 	/System/Library/Frameworks/AudioToolbox.framework/Versions/A/AudioToolbox
0x00007fff2bea2000 	/System/Library/PrivateFrameworks/DataDetectorsCore.framework/Versions/A/DataDetectorsCore
0x00007fff24be2000 	/usr/lib/libMobileGestalt.dylib
0x00007fff286e1000 	/System/Library/Frameworks/Carbon.framework/Versions/A/Frameworks/HIToolbox.framework/Versions/A/HIToolbox
0x00007fff26c3a000 	/System/Library/Frameworks/QuartzCore.framework/Versions/A/QuartzCore
0x00007fff2fc13000 	/System/Library/Frameworks/Carbon.framework/Versions/A/Frameworks/SpeechRecognition.framework/Versions/A/SpeechRecognition
0x00007fff26f5a000 	/System/Library/PrivateFrameworks/CoreUI.framework/Versions/A/CoreUI
0x00007fff21bd1000 	/System/Library/Frameworks/CoreAudio.framework/Versions/A/CoreAudio
0x00007fff265cb000 	/System/Library/Frameworks/DiskArbitration.framework/Versions/A/DiskArbitration
0x00007fff2baa5000 	/System/Library/PrivateFrameworks/MultitouchSupport.framework/Versions/A/MultitouchSupport
0x00007fff2be99000 	/System/Library/PrivateFrameworks/InternationalSupport.framework/Versions/A/InternationalSupport
0x00007fff24be1000 	/usr/lib/libenergytrace.dylib
0x00007fff22b8b000 	/System/Library/Frameworks/IOKit.framework/Versions/A/IOKit
0x00007fff2ff46000 	/System/Library/Frameworks/CoreServices.framework/Versions/A/CoreServices
0x00007fff27187000 	/System/Library/PrivateFrameworks/PerformanceAnalysis.framework/Versions/A/PerformanceAnalysis
0x00007fff6bab3000 	/System/Library/Frameworks/OpenGL.framework/Versions/A/OpenGL
0x00007fff2bf1d000 	/System/Library/PrivateFrameworks/UserActivity.framework/Versions/A/UserActivity
0x00007fff2565f000 	/System/Library/Frameworks/ColorSync.framework/Versions/A/ColorSync
0x00007fff28c5c000 	/System/Library/Frameworks/CoreImage.framework/Versions/A/CoreImage
0x00007fff219eb000 	/System/Library/Frameworks/CoreText.framework/Versions/A/CoreText
0x00007fff28a1f000 	/System/Library/Frameworks/ImageIO.framework/Versions/A/ImageIO
0x00007fff2a5b3000 	/System/Library/PrivateFrameworks/SoftLinking.framework/Versions/A/SoftLinking
0x00007fff27240000 	/usr/lib/libxml2.2.dylib
0x00007fff20332000 	/usr/lib/libc++.1.dylib
0x00007fff2a824000 	/usr/lib/libcompression.dylib
0x00007fff2bdcb000 	/System/Library/PrivateFrameworks/TextureIO.framework/Versions/A/TextureIO
0x00007fff2ae53000 	/usr/lib/libate.dylib
0x00007fff2a5a7000 	/usr/lib/system/libcache.dylib
0x00007fff2a563000 	/usr/lib/system/libcommonCrypto.dylib
0x00007fff2a58d000 	/usr/lib/system/libcompiler_rt.dylib
0x00007fff2a582000 	/usr/lib/system/libcopyfile.dylib
0x00007fff2015c000 	/usr/lib/system/libcorecrypto.dylib
0x00007fff20227000 	/usr/lib/system/libdispatch.dylib
0x00007fff203da000 	/usr/lib/system/libdyld.dylib
0x00007fff2a59e000 	/usr/lib/system/libkeymgr.dylib
0x00007fff2d9b1000 	/usr/lib/system/liblaunch.dylib
0x00007fff2a541000 	/usr/lib/system/libmacho.dylib
0x00007fff29d39000 	/usr/lib/system/libquarantine.dylib
0x00007fff2a59b000 	/usr/lib/system/libremovefile.dylib
0x00007fff24c3f000 	/usr/lib/system/libsystem_asl.dylib
0x00007fff2010c000 	/usr/lib/system/libsystem_blocks.dylib
0x00007fff202a9000 	/usr/lib/system/libsystem_c.dylib
0x00007fff2a595000 	/usr/lib/system/libsystem_collections.dylib
0x00007fff2903f000 	/usr/lib/system/libsystem_configuration.dylib
0x00007fff2832b000 	/usr/lib/system/libsystem_containermanager.dylib
0x00007fff2a2e4000 	/usr/lib/system/libsystem_coreservices.dylib
0x00007fff2281b000 	/usr/lib/system/libsystem_darwin.dylib
0x00007fff2a59f000 	/usr/lib/system/libsystem_dnssd.dylib
0x00007fff202a6000 	/usr/lib/system/libsystem_featureflags.dylib
0x00007fff20420000 	/usr/lib/system/libsystem_info.dylib
0x00007fff2a4f8000 	/usr/lib/system/libsystem_m.dylib
0x00007fff201fa000 	/usr/lib/system/libsystem_malloc.dylib
0x00007fff24bd2000 	/usr/lib/system/libsystem_networkextension.dylib
0x00007fff22c3a000 	/usr/lib/system/libsystem_notify.dylib
0x00007fff2fe48000 	/usr/lib/system/libsystem_product_info_filter.dylib
0x00007fff29043000 	/usr/lib/system/libsystem_sandbox.dylib
0x00007fff2a598000 	/usr/lib/system/libsystem_secinit.dylib
0x00007fff2039e000 	/usr/lib/system/libsystem_kernel.dylib
0x00007fff20416000 	/usr/lib/system/libsystem_platform.dylib
0x00007fff203ce000 	/usr/lib/system/libsystem_pthread.dylib
0x00007fff2631c000 	/usr/lib/system/libsystem_symptoms.dylib
0x00007fff20144000 	/usr/lib/system/libsystem_trace.dylib
0x00007fff2a56f000 	/usr/lib/system/libunwind.dylib
0x00007fff2010e000 	/usr/lib/system/libxpc.dylib
0x00007fff20388000 	/usr/lib/libc++abi.dylib
0x00007fff2a57a000 	/usr/lib/liboah.dylib
0x00007fff2ac38000 	/usr/lib/liblzma.5.dylib
0x00007fff20f0f000 	/System/Library/Frameworks/SystemConfiguration.framework/Versions/A/SystemConfiguration
0x00007fff2a5af000 	/usr/lib/libfakelink.dylib
0x00007fff24733000 	/System/Library/Frameworks/CFNetwork.framework/Versions/A/CFNetwork
0x00007fff2a6ef000 	/usr/lib/libarchive.2.dylib
0x00007fff20f8d000 	/usr/lib/libCRFSuite.dylib
0x00007fff29d60000 	/usr/lib/libbsm.0.dylib
0x00007fff240ac000 	/usr/lib/libnetwork.dylib
0x00007fff2a5b4000 	/usr/lib/libpcap.A.dylib
0x00007fff26315000 	/usr/lib/libdns_services.dylib
0x00007fff2ac51000 	/usr/lib/libcoretls_cfhelpers.dylib
0x00007fff2a7ee000 	/usr/lib/libapple_nghttp2.dylib
0x00007fff2a547000 	/usr/lib/system/libkxld.dylib
0x00007fff25f8e000 	/usr/lib/libsqlite3.dylib
0x00007fff2a2c7000 	/System/Library/PrivateFrameworks/AppleFSCompression.framework/Versions/A/AppleFSCompression
0x00007fff29d48000 	/usr/lib/libcoretls.dylib
0x00007fff2a81f000 	/usr/lib/libpam.2.dylib
0x00007fff2ad4f000 	/usr/lib/libxar.1.dylib
0x00007fff2904a000 	/System/Library/PrivateFrameworks/AppleSystemInfo.framework/Versions/A/AppleSystemInfo
0x00007fff2998a000 	/System/Library/PrivateFrameworks/IOMobileFramebuffer.framework/Versions/A/IOMobileFramebuffer
0x00007fff2a2d7000 	/usr/lib/libbz2.1.0.dylib
0x00007fff2a5ec000 	/usr/lib/libiconv.2.dylib
0x00007fff2a540000 	/usr/lib/libcharset.1.dylib
0x00007fff271c3000 	/System/Library/Frameworks/CoreServices.framework/Versions/A/Frameworks/FSEvents.framework/Versions/A/FSEvents
0x00007fff22825000 	/System/Library/Frameworks/CoreServices.framework/Versions/A/Frameworks/CarbonCore.framework/Versions/A/CarbonCore
0x00007fff26530000 	/System/Library/Frameworks/CoreServices.framework/Versions/A/Frameworks/Metadata.framework/Versions/A/Metadata
0x00007fff2a2e9000 	/System/Library/Frameworks/CoreServices.framework/Versions/A/Frameworks/OSServices.framework/Versions/A/OSServices
0x00007fff2a761000 	/System/Library/Frameworks/CoreServices.framework/Versions/A/Frameworks/SearchKit.framework/Versions/A/SearchKit
0x00007fff262a0000 	/System/Library/Frameworks/CoreServices.framework/Versions/A/Frameworks/AE.framework/Versions/A/AE
0x00007fff208ea000 	/System/Library/Frameworks/CoreServices.framework/Versions/A/Frameworks/LaunchServices.framework/Versions/A/LaunchServices
0x00007fff2abe8000 	/System/Library/Frameworks/CoreServices.framework/Versions/A/Frameworks/DictionaryServices.framework/Versions/A/DictionaryServices
0x00007fff271d0000 	/System/Library/Frameworks/CoreServices.framework/Versions/A/Frameworks/SharedFileList.framework/Versions/A/SharedFileList
0x00007fff29d3c000 	/usr/lib/libCheckFix.dylib
0x00007fff24c56000 	/System/Library/PrivateFrameworks/TCC.framework/Versions/A/TCC
0x00007fff29050000 	/System/Library/PrivateFrameworks/CoreNLP.framework/Versions/A/CoreNLP
0x00007fff264e3000 	/System/Library/PrivateFrameworks/MetadataUtilities.framework/Versions/A/MetadataUtilities
0x00007fff20fc2000 	/usr/lib/libmecabra.dylib
0x00007fff2a046000 	/System/Library/Frameworks/MLCompute.framework/Versions/A/MLCompute
0x00007fff29d71000 	/usr/lib/libmecab.dylib
0x00007fff29dbb000 	/usr/lib/libgermantok.dylib
0x00007fff2a7c9000 	/usr/lib/libThaiTokenizer.dylib
0x00007fff2ad8a000 	/usr/lib/libChineseTokenizer.dylib
0x00007fff2a81d000 	/System/Library/Frameworks/MetalPerformanceShaders.framework/Versions/A/MetalPerformanceShaders
0x00007fff265d2000 	/System/Library/Frameworks/Accelerate.framework/Versions/A/Frameworks/vImage.framework/Versions/A/vImage
0x00007fff2ff20000 	/System/Library/Frameworks/Accelerate.framework/Versions/A/Frameworks/vecLib.framework/Versions/A/vecLib
0x00007fff2ad95000 	/System/Library/Frameworks/Accelerate.framework/Versions/A/Frameworks/vecLib.framework/Versions/A/libvMisc.dylib
0x00007fff297a5000 	/System/Library/Frameworks/Accelerate.framework/Versions/A/Frameworks/vecLib.framework/Versions/A/libvDSP.dylib
0x00007fff20bf5000 	/System/Library/Frameworks/Accelerate.framework/Versions/A/Frameworks/vecLib.framework/Versions/A/libBLAS.dylib
0x00007fff2a84a000 	/System/Library/Frameworks/Accelerate.framework/Versions/A/Frameworks/vecLib.framework/Versions/A/libLAPACK.dylib
0x00007fff29dc1000 	/System/Library/Frameworks/Accelerate.framework/Versions/A/Frameworks/vecLib.framework/Versions/A/libLinearAlgebra.dylib
0x00007fff2a806000 	/System/Library/Frameworks/Accelerate.framework/Versions/A/Frameworks/vecLib.framework/Versions/A/libSparseBLAS.dylib
0x00007fff2a844000 	/System/Library/Frameworks/Accelerate.framework/Versions/A/Frameworks/vecLib.framework/Versions/A/libQuadrature.dylib
0x00007fff290fc000 	/System/Library/Frameworks/Accelerate.framework/Versions/A/Frameworks/vecLib.framework/Versions/A/libBNNS.dylib
0x00007fff20ea0000 	/System/Library/Frameworks/Accelerate.framework/Versions/A/Frameworks/vecLib.framework/Versions/A/libSparse.dylib
0x00007fff28fd8000 	/System/Library/Frameworks/MetalPerformanceShaders.framework/Versions/A/Frameworks/MPSCore.framework/Versions/A/MPSCore
0x00007fff2a236000 	/System/Library/Frameworks/MetalPerformanceShaders.framework/Versions/A/Frameworks/MPSImage.framework/Versions/A/MPSImage
0x00007fff29dd7000 	/System/Library/Frameworks/MetalPerformanceShaders.framework/Versions/A/Frameworks/MPSNeuralNetwork.framework/Versions/A/MPSNeuralNetwork
0x00007fff2a1a8000 	/System/Library/Frameworks/MetalPerformanceShaders.framework/Versions/A/Frameworks/MPSMatrix.framework/Versions/A/MPSMatrix
0x00007fff29ff6000 	/System/Library/Frameworks/MetalPerformanceShaders.framework/Versions/A/Frameworks/MPSRayIntersector.framework/Versions/A/MPSRayIntersector
0x00007fff2a1df000 	/System/Library/Frameworks/MetalPerformanceShaders.framework/Versions/A/Frameworks/MPSNDArray.framework/Versions/A/MPSNDArray
0x00007fff20b20000 	/System/Library/PrivateFrameworks/MetalTools.framework/Versions/A/MetalTools
0x00007fff29048000 	/System/Library/PrivateFrameworks/AggregateDictionary.framework/Versions/A/AggregateDictionary
0x00007fff264b0000 	/System/Library/PrivateFrameworks/CoreAnalytics.framework/Versions/A/CoreAnalytics
0x00007fff2a7cb000 	/System/Library/PrivateFrameworks/AppleSauce.framework/Versions/A/AppleSauce
0x00007fff2834e000 	/System/Library/PrivateFrameworks/IOAccelerator.framework/Versions/A/IOAccelerator
0x00007fff6baa7000 	/System/Library/Frameworks/OpenGL.framework/Versions/A/Libraries/libCoreFSCache.dylib
0x00007fff2155a000 	/System/Library/PrivateFrameworks/LanguageModeling.framework/Versions/A/LanguageModeling
0x00007fff29978000 	/System/Library/PrivateFrameworks/CoreEmoji.framework/Versions/A/CoreEmoji
0x00007fff290f5000 	/System/Library/PrivateFrameworks/LinguisticData.framework/Versions/A/LinguisticData
0x00007fff20e52000 	/System/Library/PrivateFrameworks/Lexicon.framework/Versions/A/Lexicon
0x00007fff2a6dd000 	/usr/lib/libcmph.dylib
0x00007fff271a3000 	/System/Library/Frameworks/OpenDirectory.framework/Versions/A/Frameworks/CFOpenDirectory.framework/Versions/A/CFOpenDirectory
0x00007fff27193000 	/System/Library/Frameworks/OpenDirectory.framework/Versions/A/OpenDirectory
0x00007fff2ac53000 	/System/Library/PrivateFrameworks/APFS.framework/Versions/A/APFS
0x00007fff29c9e000 	/System/Library/Frameworks/SecurityFoundation.framework/Versions/A/SecurityFoundation
0x00007fff2ad5d000 	/usr/lib/libutil.dylib
0x00007fff22b50000 	/System/Library/PrivateFrameworks/CoreServicesStore.framework/Versions/A/CoreServicesStore
0x00007fff29d34000 	/System/Library/Frameworks/ServiceManagement.framework/Versions/A/ServiceManagement
0x00007fff2ad61000 	/usr/lib/libxslt.1.dylib
0x00007fff29d2a000 	/System/Library/PrivateFrameworks/BackgroundTaskManagement.framework/Versions/A/BackgroundTaskManagement
0x00007fff2bd15000 	/System/Library/Frameworks/ImageIO.framework/Versions/A/Resources/libRadiance.dylib
0x00007fff2bd1f000 	/System/Library/Frameworks/ImageIO.framework/Versions/A/Resources/libJPEG.dylib
0x00007fff2bc6f000 	/System/Library/Frameworks/ImageIO.framework/Versions/A/Resources/libPng.dylib
0x00007fff2bc90000 	/System/Library/Frameworks/ImageIO.framework/Versions/A/Resources/libTIFF.dylib
0x00007fff2bd74000 	/System/Library/Frameworks/ImageIO.framework/Versions/A/Resources/libGIF.dylib
0x00007fff2b9c1000 	/System/Library/Frameworks/ImageIO.framework/Versions/A/Resources/libJP2.dylib
0x00007fff2b0dc000 	/usr/lib/libexpat.1.dylib
0x00007fff2b977000 	/System/Library/PrivateFrameworks/AppleJPEG.framework/Versions/A/AppleJPEG
0x00007fff28584000 	/System/Library/PrivateFrameworks/FontServices.framework/libFontParser.dylib
0x00007fff26257000 	/System/Library/PrivateFrameworks/RunningBoardServices.framework/Versions/A/RunningBoardServices
0x00007fff2baa1000 	/System/Library/PrivateFrameworks/WatchdogClient.framework/Versions/A/WatchdogClient
0x00007fff21643000 	/System/Library/Frameworks/CoreDisplay.framework/Versions/A/CoreDisplay
0x00007fff28499000 	/System/Library/Frameworks/CoreMedia.framework/Versions/A/CoreMedia
0x00007fff27323000 	/System/Library/Frameworks/CoreVideo.framework/Versions/A/CoreVideo
0x00007fff2badc000 	/System/Library/Frameworks/VideoToolbox.framework/Versions/A/VideoToolbox
0x00007fff261d7000 	/System/Library/PrivateFrameworks/BaseBoard.framework/Versions/A/BaseBoard
0x00007fff2b221000 	/System/Library/PrivateFrameworks/PersistentConnection.framework/Versions/A/PersistentConnection
0x00007fff25f78000 	/System/Library/PrivateFrameworks/ProtocolBuffer.framework/Versions/A/ProtocolBuffer
0x00007fff261bf000 	/System/Library/PrivateFrameworks/CommonUtilities.framework/Versions/A/CommonUtilities
0x00007fff2b93a000 	/System/Library/PrivateFrameworks/Bom.framework/Versions/A/Bom
0x00007fff2bd0d000 	/System/Library/PrivateFrameworks/GPUWrangler.framework/Versions/A/GPUWrangler
0x00007fff2bcf0000 	/System/Library/PrivateFrameworks/IOPresentment.framework/Versions/A/IOPresentment
0x00007fff2bd19000 	/System/Library/PrivateFrameworks/DSExternalDisplay.framework/Versions/A/DSExternalDisplay
0x00007fff2bd79000 	/System/Library/PrivateFrameworks/CMCaptureCore.framework/Versions/A/CMCaptureCore
0x00007fff2b6bd000 	/System/Library/PrivateFrameworks/AppServerSupport.framework/Versions/A/AppServerSupport
0x00007fff2d754000 	/System/Library/PrivateFrameworks/perfdata.framework/Versions/A/perfdata
0x00007fff29c8d000 	/System/Library/PrivateFrameworks/AssertionServices.framework/Versions/A/AssertionServices
0x00007fff2177a000 	/System/Library/PrivateFrameworks/AudioToolboxCore.framework/Versions/A/AudioToolboxCore
0x00007fff2847c000 	/System/Library/PrivateFrameworks/caulk.framework/Versions/A/caulk
0x00007fff3cc00000 	/System/Library/PrivateFrameworks/SystemPolicy.framework/Versions/A/SystemPolicy
0x00007fff2aeeb000 	/usr/lib/libIOReport.dylib
0x00007fff2cf90000 	/usr/lib/libSMC.dylib
0x00007fff2bc3b000 	/usr/lib/libAudioToolboxUtility.dylib
0x00007fff3d55d000 	/usr/lib/libmis.dylib
0x00007fff6bb03000 	/System/Library/Frameworks/OpenGL.framework/Versions/A/Libraries/libGLU.dylib
0x00007fff6bac6000 	/System/Library/Frameworks/OpenGL.framework/Versions/A/Libraries/libGFXShared.dylib
0x00007fff6bcd4000 	/System/Library/Frameworks/OpenGL.framework/Versions/A/Libraries/libGL.dylib
0x00007fff6bacf000 	/System/Library/Frameworks/OpenGL.framework/Versions/A/Libraries/libGLImage.dylib
0x00007fff6bac3000 	/System/Library/Frameworks/OpenGL.framework/Versions/A/Libraries/libCVMSPluginSupport.dylib
0x00007fff6baae000 	/System/Library/Frameworks/OpenGL.framework/Versions/A/Libraries/libCoreVMClient.dylib
0x00007fff6d11e000 	/System/Library/Frameworks/OpenCL.framework/Versions/A/OpenCL
0x00007fff2b24a000 	/System/Library/PrivateFrameworks/GraphVisualizer.framework/Versions/A/GraphVisualizer
0x00007fff2b259000 	/System/Library/PrivateFrameworks/FaceCore.framework/Versions/A/FaceCore
0x00007fff2b675000 	/System/Library/PrivateFrameworks/OTSVG.framework/Versions/A/OTSVG
0x00007fff26f18000 	/System/Library/Frameworks/ApplicationServices.framework/Versions/A/Frameworks/ATS.framework/Versions/A/Resources/libFontRegistry.dylib
0x00007fff2b6c4000 	/System/Library/PrivateFrameworks/FontServices.framework/libhvf.dylib
0x00007fff2b088000 	/System/Library/PrivateFrameworks/AppleVA.framework/Versions/A/AppleVA
0x00007fff2cdd8000 	/System/Library/Frameworks/ApplicationServices.framework/Versions/A/Frameworks/ATS.framework/Versions/A/ATS
0x00007fff2d0eb000 	/System/Library/Frameworks/ApplicationServices.framework/Versions/A/Frameworks/ColorSyncLegacy.framework/Versions/A/ColorSyncLegacy
0x00007fff25756000 	/System/Library/Frameworks/ApplicationServices.framework/Versions/A/Frameworks/HIServices.framework/Versions/A/HIServices
0x00007fff2d0d0000 	/System/Library/Frameworks/ApplicationServices.framework/Versions/A/Frameworks/LangAnalysis.framework/Versions/A/LangAnalysis
0x00007fff2bd83000 	/System/Library/Frameworks/ApplicationServices.framework/Versions/A/Frameworks/PrintCore.framework/Versions/A/PrintCore
0x00007fff2d0f3000 	/System/Library/Frameworks/ApplicationServices.framework/Versions/A/Frameworks/QD.framework/Versions/A/QD
0x00007fff2cdc8000 	/System/Library/Frameworks/ApplicationServices.framework/Versions/A/Frameworks/SpeechSynthesis.framework/Versions/A/SpeechSynthesis
0x00007fff2bd44000 	/System/Library/Frameworks/ApplicationServices.framework/Versions/A/Frameworks/ATSUI.framework/Versions/A/ATSUI
0x00007fff2d070000 	/usr/lib/libcups.2.dylib
0x00007fff2d0e0000 	/System/Library/PrivateFrameworks/NetAuth.framework/Versions/A/NetAuth
0x00007fff2d76f000 	/System/Library/Frameworks/Kerberos.framework/Versions/A/Kerberos
0x00007fff2d77f000 	/System/Library/Frameworks/GSS.framework/Versions/A/GSS
0x00007fff2ce45000 	/usr/lib/libresolv.9.dylib
0x00007fff2b6da000 	/System/Library/PrivateFrameworks/Heimdal.framework/Versions/A/Heimdal
0x00007fff33436000 	/System/Library/Frameworks/Kerberos.framework/Versions/A/Libraries/libHeimdalProxy.dylib
0x00007fff26324000 	/System/Library/Frameworks/Network.framework/Versions/A/Network
0x00007fff2b0f6000 	/usr/lib/libheimdal-asn1.dylib
0x00007fff2d7d0000 	/System/Library/PrivateFrameworks/CommonAuth.framework/Versions/A/CommonAuth
0x00007fff27371000 	/System/Library/PrivateFrameworks/login.framework/Versions/A/Frameworks/loginsupport.framework/Versions/A/loginsupport
0x00007fff2cd4f000 	/System/Library/PrivateFrameworks/AudioSession.framework/Versions/A/AudioSession
0x00007fff2cdb5000 	/usr/lib/libAudioStatistics.dylib
0x00007fff2b182000 	/System/Library/PrivateFrameworks/MediaExperience.framework/Versions/A/MediaExperience
0x00007fff2cbe8000 	/System/Library/PrivateFrameworks/AudioSession.framework/libSessionUtility.dylib
0x00007fff2d760000 	/usr/lib/libperfcheck.dylib
0x00007fff2d0ff000 	/System/Library/PrivateFrameworks/AudioResourceArbitration.framework/Versions/A/AudioResourceArbitration
0x00007fff2b100000 	/System/Library/PrivateFrameworks/IconFoundation.framework/Versions/A/IconFoundation
0x00007fff2fc03000 	/System/Library/PrivateFrameworks/SpeechRecognitionCore.framework/Versions/A/SpeechRecognitionCore
0x000000010ef28000 	/Library/Java/JavaVirtualMachines/jdk1.8.0_202.jdk/Contents/Home/jre/lib/server/libjvm.dylib
0x00007fff7806c000 	/usr/lib/libstdc++.6.dylib
0x000000010fee1000 	/Library/Java/JavaVirtualMachines/jdk1.8.0_202.jdk/Contents/Home/jre/lib/libverify.dylib
0x000000010feef000 	/Library/Java/JavaVirtualMachines/jdk1.8.0_202.jdk/Contents/Home/jre/lib/libjava.dylib
0x000000010ff6f000 	/Library/Java/JavaVirtualMachines/jdk1.8.0_202.jdk/Contents/Home/jre/lib/libzip.dylib
0x0000000131c55000 	/Library/Java/JavaVirtualMachines/jdk1.8.0_202.jdk/Contents/Home/jre/lib/libawt.dylib
0x0000000131cfe000 	/Library/Java/JavaVirtualMachines/jdk1.8.0_202.jdk/Contents/Home/jre/lib/libmlib_image.dylib
0x00007fff6ea57000 	/System/Library/Frameworks/JavaNativeFoundation.framework/Versions/A/JavaNativeFoundation
0x00007fff6ea63000 	/System/Library/Frameworks/JavaRuntimeSupport.framework/Versions/A/JavaRuntimeSupport
0x00007fff3c94a000 	/System/Library/Frameworks/Carbon.framework/Versions/A/Carbon
0x00007fff31a74000 	/System/Library/PrivateFrameworks/CoreSymbolication.framework/Versions/A/CoreSymbolication
0x00007fff363e1000 	/System/Library/Frameworks/Carbon.framework/Versions/A/Frameworks/CommonPanels.framework/Versions/A/CommonPanels
0x00007fff32ecb000 	/System/Library/Frameworks/Carbon.framework/Versions/A/Frameworks/Help.framework/Versions/A/Help
0x00007fff363e5000 	/System/Library/Frameworks/Carbon.framework/Versions/A/Frameworks/ImageCapture.framework/Versions/A/ImageCapture
0x00007fff363b5000 	/System/Library/Frameworks/Carbon.framework/Versions/A/Frameworks/OpenScripting.framework/Versions/A/OpenScripting
0x00007fff363dd000 	/System/Library/Frameworks/Carbon.framework/Versions/A/Frameworks/Ink.framework/Versions/A/Ink
0x00007fff3c946000 	/System/Library/Frameworks/Carbon.framework/Versions/A/Frameworks/Print.framework/Versions/A/Print
0x00007fff363d9000 	/System/Library/Frameworks/Carbon.framework/Versions/A/Frameworks/SecurityHI.framework/Versions/A/SecurityHI
0x00007fff31a38000 	/System/Library/PrivateFrameworks/DebugSymbols.framework/Versions/A/DebugSymbols
0x0000000131dca000 	/Library/Java/JavaVirtualMachines/jdk1.8.0_202.jdk/Contents/Home/jre/lib/libawt_lwawt.dylib
0x0000000131e85000 	/Library/Java/JavaVirtualMachines/jdk1.8.0_202.jdk/Contents/Home/jre/lib/libosxapp.dylib
0x00007fff3bf61000 	/System/Library/Frameworks/ExceptionHandling.framework/Versions/A/ExceptionHandling
0x00007fff22b11000 	/System/Library/PrivateFrameworks/CoreServicesInternal.framework/Versions/A/CoreServicesInternal
0x00007fff30f8a000 	/System/Library/Frameworks/FileProvider.framework/Versions/A/FileProvider
0x00007fff26142000 	/System/Library/Frameworks/Accounts.framework/Versions/A/Accounts
0x00007fff310da000 	/System/Library/PrivateFrameworks/GenerationalStorage.framework/Versions/A/GenerationalStorage
0x00007fff309aa000 	/System/Library/PrivateFrameworks/SymptomDiagnosticReporter.framework/Versions/A/SymptomDiagnosticReporter
0x00007fff23c42000 	/System/Library/PrivateFrameworks/DesktopServicesPriv.framework/Versions/A/DesktopServicesPriv
0x00007fff22c46000 	/usr/lib/libsandbox.1.dylib
0x00007fff2739c000 	/System/Library/PrivateFrameworks/UserManagement.framework/Versions/A/UserManagement
0x00007fff29c6a000 	/System/Library/PrivateFrameworks/MobileKeyBag.framework/Versions/A/MobileKeyBag
0x00007fff344b9000 	/System/Library/PrivateFrameworks/ChunkingLibrary.framework/Versions/A/ChunkingLibrary
0x00007fff2e193000 	/System/Library/PrivateFrameworks/Sharing.framework/Versions/A/Sharing
0x00007fff32a38000 	/System/Library/PrivateFrameworks/Apple80211.framework/Versions/A/Apple80211
0x00007fff2a317000 	/System/Library/PrivateFrameworks/AuthKit.framework/Versions/A/AuthKit
0x00007fff29a68000 	/System/Library/PrivateFrameworks/CoreUtils.framework/Versions/A/CoreUtils
0x00007fff29995000 	/System/Library/Frameworks/CoreWLAN.framework/Versions/A/CoreWLAN
0x00007fff2e2df000 	/System/Library/Frameworks/IOBluetooth.framework/Versions/A/IOBluetooth
0x00007fff32a9c000 	/System/Library/PrivateFrameworks/CoreWiFi.framework/Versions/A/CoreWiFi
0x00007fff2d856000 	/System/Library/PrivateFrameworks/CorePhoneNumbers.framework/Versions/A/CorePhoneNumbers
0x00007fff30ab1000 	/System/Library/PrivateFrameworks/DiskManagement.framework/Versions/A/DiskManagement
0x00007fff309c7000 	/System/Library/PrivateFrameworks/AppleIDAuthSupport.framework/Versions/A/AppleIDAuthSupport
0x00007fff2d836000 	/System/Library/PrivateFrameworks/KeychainCircle.framework/Versions/A/KeychainCircle
0x00007fff30a7d000 	/System/Library/PrivateFrameworks/MediaKit.framework/Versions/A/MediaKit
0x00007fff309d4000 	/System/Library/Frameworks/DiscRecording.framework/Versions/A/DiscRecording
0x00007fff2affc000 	/usr/lib/libCoreStorage.dylib
0x00007fff32ed7000 	/usr/lib/libcsfde.dylib
0x00007fff2e41a000 	/System/Library/PrivateFrameworks/ProtectedCloudStorage.framework/Versions/A/ProtectedCloudStorage
0x00007fff32ecf000 	/System/Library/PrivateFrameworks/EFILogin.framework/Versions/A/EFILogin
0x00007fff334e9000 	/System/Library/Frameworks/AudioUnit.framework/Versions/A/AudioUnit
0x00007fff30944000 	/System/Library/Frameworks/CoreBluetooth.framework/Versions/A/CoreBluetooth
0x00007fff2aff4000 	/usr/lib/libMatch.1.dylib
0x00007fff437d1000 	/System/Library/CoreServices/RawCamera.bundle/Contents/MacOS/RawCamera
0x00007fff2d7e1000 	/System/Library/PrivateFrameworks/MobileAsset.framework/Versions/A/MobileAsset
0x00007fff3350d000 	/System/Library/PrivateFrameworks/StreamingZip.framework/Versions/A/StreamingZip
0x00007fff2bf7b000 	/System/Library/Frameworks/MediaToolbox.framework/Versions/A/MediaToolbox
0x00007fff30f5c000 	/System/Library/PrivateFrameworks/CoreAVCHD.framework/Versions/A/CoreAVCHD
0x00007fff30143000 	/System/Library/Frameworks/MediaAccessibility.framework/Versions/A/MediaAccessibility
0x00007fff30f58000 	/System/Library/PrivateFrameworks/Mangrove.framework/Versions/A/Mangrove
0x00007fff3014f000 	/System/Library/PrivateFrameworks/AlgosScoreFramework.framework/Versions/A/AlgosScoreFramework
0x00007fff31946000 	/System/Library/PrivateFrameworks/AppleVPA.framework/Versions/A/AppleVPA
0x00007fff30b9d000 	/System/Library/PrivateFrameworks/CoreAUC.framework/Versions/A/CoreAUC
0x00007fff41224000 	/System/Library/Frameworks/Accelerate.framework/Versions/A/Frameworks/vImage.framework/Versions/A/Libraries/libCGInterfaces.dylib
0x0000000133f60000 	/usr/lib/libobjc-trampolines.dylib
0x00007fff3535f000 	/System/Library/PrivateFrameworks/FamilyControls.framework/Versions/A/FamilyControls
0x00007fff35383000 	/System/Library/PrivateFrameworks/CommerceKit.framework/Versions/A/Frameworks/CommerceCore.framework/Versions/A/CommerceCore
0x00007fff30180000 	/System/Library/PrivateFrameworks/SystemAdministration.framework/Versions/A/SystemAdministration
0x00007fff2e401000 	/System/Library/PrivateFrameworks/AppContainer.framework/Versions/A/AppContainer
0x00007fff2e416000 	/System/Library/PrivateFrameworks/SecCodeWrapper.framework/Versions/A/SecCodeWrapper
0x00007fff2aef3000 	/System/Library/PrivateFrameworks/CrashReporterSupport.framework/Versions/A/CrashReporterSupport
0x00007fff4794d000 	/System/Library/PrivateFrameworks/OSAnalytics.framework/Versions/A/OSAnalytics
0x00007fff77952000 	/usr/lib/libRosetta.dylib
0x00007fff32e5e000 	/System/Library/PrivateFrameworks/RemoteServiceDiscovery.framework/Versions/A/RemoteServiceDiscovery
0x00007fff5160c000 	/System/Library/PrivateFrameworks/Symbolication.framework/Versions/A/Symbolication
0x00007fff3d53d000 	/System/Library/PrivateFrameworks/MallocStackLogging.framework/Versions/A/MallocStackLogging
0x00007fff2b79b000 	/System/Library/PrivateFrameworks/login.framework/Versions/A/login
0x00007fff2fbcf000 	/System/Library/Frameworks/DirectoryService.framework/Versions/A/DirectoryService
0x00007fff32d77000 	/System/Library/PrivateFrameworks/DiskImages.framework/Versions/A/DiskImages
0x00007fff32f4a000 	/System/Library/PrivateFrameworks/LoginUIKit.framework/Versions/A/Frameworks/LoginUICore.framework/Versions/A/LoginUICore
0x00007fff2b936000 	/usr/lib/libodfde.dylib
0x00007fff32ee3000 	/usr/lib/libcurl.4.dylib
0x00007fff32c43000 	/usr/lib/libcrypto.44.dylib
0x00007fff32d49000 	/usr/lib/libssl.46.dylib
0x00007fff32c09000 	/System/Library/Frameworks/LDAP.framework/Versions/A/LDAP
0x00007fff32c41000 	/System/Library/PrivateFrameworks/TrustEvaluationAgent.framework/Versions/A/TrustEvaluationAgent
0x00007fff2ce5e000 	/usr/lib/libsasl2.2.dylib
0x00007fff30174000 	/System/Library/PrivateFrameworks/CoreDaemon.framework/Versions/B/CoreDaemon
0x00007fff3016f000 	/System/Library/PrivateFrameworks/AppleSRP.framework/Versions/A/AppleSRP
0x00007fff2709b000 	/System/Library/PrivateFrameworks/ViewBridge.framework/Versions/A/ViewBridge
0x00007fff6bcdf000 	/System/Library/Frameworks/OpenGL.framework/Versions/A/Resources/GLEngine.bundle/GLEngine
0x00007fff6bb40000 	/System/Library/Frameworks/OpenGL.framework/Versions/A/Libraries/libGLProgrammability.dylib
0x00007fff5eec3000 	/System/Library/Extensions/AppleIntelKBLGraphicsGLDriver.bundle/Contents/MacOS/AppleIntelKBLGraphicsGLDriver
0x00007fff46317000 	/System/Library/PrivateFrameworks/GPUSupport.framework/Versions/A/Libraries/libGPUSupportMercury.dylib
0x00000001365ff000 	/System/Library/Extensions/AMDRadeonX4000GLDriver.bundle/Contents/MacOS/AMDRadeonX4000GLDriver
0x00007fff6e020000 	/System/Library/Extensions/AMDRadeonX4000GLDriver.bundle/Contents/MacOS/ATIRadeonX4000SCLib.dylib
0x00007fff5e12b000 	/System/Library/Extensions/AMDShared.bundle/Contents/PlugIns/libSC.dylib
0x00007fff6be5d000 	/System/Library/Frameworks/OpenGL.framework/Versions/A/Resources/GLRendererFloat.bundle/GLRendererFloat
0x000000013679f000 	/Library/Java/JavaVirtualMachines/jdk1.8.0_202.jdk/Contents/Home/jre/lib/libfontmanager.dylib
0x0000000136806000 	/Library/Java/JavaVirtualMachines/jdk1.8.0_202.jdk/Contents/Home/jre/lib/libosxui.dylib
0x0000000136fcc000 	/Library/Java/JavaVirtualMachines/jdk1.8.0_202.jdk/Contents/Home/jre/lib/libnet.dylib
0x0000000136de1000 	/Library/Java/JavaVirtualMachines/jdk1.8.0_202.jdk/Contents/Home/jre/lib/libnio.dylib
0x0000000168b45000 	/Library/Java/JavaVirtualMachines/jdk1.8.0_202.jdk/Contents/Home/jre/lib/libmanagement.dylib
0x00000001701c6000 	/Library/Java/JavaVirtualMachines/jdk1.8.0_202.jdk/Contents/Home/jre/lib/libdcpr.dylib
0x00007fff6dca0000 	/System/Library/Extensions/AMDMTLBronzeDriver.bundle/Contents/MacOS/AMDMTLBronzeDriver
0x00007fff40d98000 	/System/Library/PrivateFrameworks/IOAccelMemoryInfo.framework/Versions/A/IOAccelMemoryInfo
0x00007fff5dc9b000 	/System/Library/Extensions/AppleIntelKBLGraphicsMTLDriver.bundle/Contents/MacOS/AppleIntelKBLGraphicsMTLDriver
0x00007fff3d570000 	/System/Library/PrivateFrameworks/GPURawCounter.framework/Versions/A/GPURawCounter
0x00007fff6965c000 	/System/Library/PrivateFrameworks/GPUCompiler.framework/Versions/31001/Libraries/libmetal_timestamp.dylib
0x0000000171c1a000 	/private/var/folders/sg/17qx1mt55pxdc8608465_svw0000gp/T/jogamp_0000/file_cache/jln6011671668490507182/jln6692470502525141235/natives/macosx-universal/libgluegen-rt.jnilib
0x0000000171c1e000 	/private/var/folders/sg/17qx1mt55pxdc8608465_svw0000gp/T/jogamp_0000/file_cache/jln6011671668490507182/jln6692470502525141235/natives/macosx-universal/libnativewindow_awt.jnilib
0x0000000171c21000 	/Library/Java/JavaVirtualMachines/jdk1.8.0_202.jdk/Contents/Home/jre/lib/libjawt.dylib
0x0000000171c24000 	/private/var/folders/sg/17qx1mt55pxdc8608465_svw0000gp/T/jogamp_0000/file_cache/jln6011671668490507182/jln6692470502525141235/natives/macosx-universal/libnativewindow_macosx.jnilib
0x0000000172415000 	/private/var/folders/sg/17qx1mt55pxdc8608465_svw0000gp/T/jogamp_0000/file_cache/jln6011671668490507182/jln6692470502525141235/natives/macosx-universal/libnewt.jnilib
0x0000000133bfa000 	/private/var/folders/sg/17qx1mt55pxdc8608465_svw0000gp/T/jogamp_0000/file_cache/jln6011671668490507182/jln6692470502525141235/natives/macosx-universal/libjogl_desktop.jnilib
0x0000000133cce000 	/private/var/folders/sg/17qx1mt55pxdc8608465_svw0000gp/T/jogamp_0000/file_cache/jln6011671668490507182/jln6692470502525141235/natives/macosx-universal/libjogl_mobile.jnilib

VM Arguments:
jvm_args: -Dfile.encoding=UTF-8 -Duser.country=AX -Duser.language=en -Duser.variant 
java_command: meshIneBits.MeshIneBitsMain
java_class_path (initial): /Users/doquangbao/Work/MeshIneBits/MeshIneBits/build/classes/java/main:/Users/doquangbao/Work/MeshIneBits/MeshIneBits/build/resources/main:/Users/doquangbao/Work/MeshIneBits/MeshIneBits/libs/proscene.jar:/Users/doquangbao/Work/MeshIneBits/MeshIneBits/libs/controlP5.jar:/Users/doquangbao/Work/MeshIneBits/MeshIneBits/libs/xchart-3.6.5.jar:/Users/doquangbao/Work/MeshIneBits/MeshIneBits/libs/commons-math3-3.3.jar:/Users/doquangbao/.gradle/caches/modules-2/files-2.1/org.datavec/datavec-local/1.0.0-beta6/911d5882eaf728d07d60b352586981b63e020c0f/datavec-local-1.0.0-beta6.jar:/Users/doquangbao/.gradle/caches/modules-2/files-2.1/org.processing/core/3.3.7/6e0983fb0841935eaa3386395e712d609856ab90/core-3.3.7.jar:/Users/doquangbao/.gradle/caches/modules-2/files-2.1/org.jogamp.jogl/jogl-all-main/2.3.2/6a86a9ce357c085e3052efcf639447f9957b82b8/jogl-all-main-2.3.2.jar:/Users/doquangbao/.gradle/caches/modules-2/files-2.1/org.jogamp.jogl/jogl-all/2.3.2/99e0f64bb8882f054825ae4a8a527a17b544a0b5/jogl-all-2.3.2.jar:/Users/doquangbao/.gradle/caches/modules-2/files-2.1/org.jogamp.jogl/jogl-all/2.3.2/ffd1c6bd5f6fb088df6cad25e25721eb55ad2228/jogl-all-2.3.2-natives-linux-amd64.jar:/Users/doquangbao/.gradle/caches/modules-2/files-2.1/org.jogamp.jogl/jogl-all/2.3.2/6d14f46336be9e2dc5f85d5df17490cee5d09a90/jogl-all-2.3.2-natives-linux-armv6.jar:/Users/doquangbao/.gradle/caches/modules-2/files-2.1/org.jogamp.jogl/jogl-all/2.3.2/2c434c560dbd821b0ed569e44d3d441727491dac/jogl-all-2.3.2-natives-linux-armv6hf.jar:/Users/doquangbao/.gradle/caches/modules-2/files-2.1/org.jogamp.jogl/jogl-all/2.3.2/59b7a336c0ee54161e33662d2ca8ac9d8f6c476d/jogl-all-2.3.2-natives-linux-i586.jar:/Users/doquangbao/.gradle/caches/modules-2/files-2.1/org.jogamp.jogl/jogl-all/2.3.2/2da2215dbe1091c54cb83cf2484f8a54a4d0cf7a/jogl-all-2.3.2-natives-macosx-universal.jar:/Users/doquangbao/.gradle/caches/modules-2/files-2.1/org.jogamp.jogl/jogl-all/2.3.2/94d1ed501fe53b7f75eab0f712f39802390d0f5b/jogl-all-2.3
Launcher Type: SUN_STANDARD

Environment Variables:
PATH=/usr/local/bin:/usr/bin:/bin:/usr/sbin:/sbin
SHELL=/bin/zsh

Signal Handlers:
SIGSEGV: [libjvm.dylib+0x5b719d], sa_mask[0]=11111111011111110111111111111111, sa_flags=SA_ONSTACK|SA_RESTART|SA_SIGINFO
SIGBUS: [libjvm.dylib+0x5b719d], sa_mask[0]=11111111011111110111111111111111, sa_flags=SA_RESTART|SA_SIGINFO
SIGFPE: [libjvm.dylib+0x48c8fc], sa_mask[0]=11111111011111110111111111111111, sa_flags=SA_RESTART|SA_SIGINFO
SIGPIPE: [libjvm.dylib+0x48c8fc], sa_mask[0]=11111111011111110111111111111111, sa_flags=SA_RESTART|SA_SIGINFO
SIGXFSZ: [libjvm.dylib+0x48c8fc], sa_mask[0]=11111111011111110111111111111111, sa_flags=SA_RESTART|SA_SIGINFO
SIGILL: [libjvm.dylib+0x48c8fc], sa_mask[0]=11111111011111110111111111111111, sa_flags=SA_RESTART|SA_SIGINFO
SIGUSR1: SIG_DFL, sa_mask[0]=00000000000000000000000000000000, sa_flags=none
SIGUSR2: [libjvm.dylib+0x48c41a], sa_mask[0]=00100000000000000000000000000000, sa_flags=SA_RESTART|SA_SIGINFO
SIGHUP: [libjvm.dylib+0x48a9a5], sa_mask[0]=11111111011111110111111111111111, sa_flags=SA_RESTART|SA_SIGINFO
SIGINT: [libjvm.dylib+0x48a9a5], sa_mask[0]=11111111011111110111111111111111, sa_flags=SA_RESTART|SA_SIGINFO
SIGTERM: [libjvm.dylib+0x48a9a5], sa_mask[0]=11111111011111110111111111111111, sa_flags=SA_RESTART|SA_SIGINFO
SIGQUIT: [libjvm.dylib+0x48a9a5], sa_mask[0]=11111111011111110111111111111111, sa_flags=SA_RESTART|SA_SIGINFO


---------------  S Y S T E M  ---------------

OS:Bsduname:Darwin 20.6.0 Darwin Kernel Version 20.6.0: Mon Aug 30 06:12:21 PDT 2021; root:xnu-7195.141.6~3/RELEASE_X86_64 x86_64
rlimit: STACK 8192k, CORE 0k, NPROC 2784, NOFILE 10240, AS infinity
load average:5.79 3.80 3.56

CPU:total 12 (initial active 12) (6 cores per cpu, 2 threads per core) family 6 model 158 stepping 10, cmov, cx8, fxsr, mmx, sse, sse2, sse3, ssse3, sse4.1, sse4.2, popcnt, avx, avx2, aes, clmul, erms, 3dnowpref, lzcnt, ht, tsc, tscinvbit, bmi1, bmi2, adx

Memory: 4k page, physical 16777216k(2030860k free)

/proc/meminfo:


vm_info: Java HotSpot(TM) 64-Bit Server VM (25.202-b08) for bsd-amd64 JRE (1.8.0_202-b08), built on Dec 15 2018 20:16:16 by "java_re" with gcc 4.2.1 (Based on Apple Inc. build 5658) (LLVM build 2336.11.00)

time: Wed Nov  3 10:42:33 2021
timezone: CET
elapsed time: 10 seconds (0d 0h 0m 10s)

